3010 듣고 있습니다.
/pubilc/adduser부서로 누군가 호출했다[object Object]이런 내용이다
서버와 커넥션 에러 확인필요함
MySQL 연결 에러: Error: ER_NOT_SUPPORTED_AUTH_MODE: Client does not support authentication protocol requested by server; consider upgrading MySQL client
    at Sequence._packetToError (C:\Users\praye\OneDrive\바탕 화면\bc\coding\node_modules\mysql\lib\protocol\sequences\Sequence.js:47:14)
    at Handshake.ErrorPacket (C:\Users\praye\OneDrive\바탕 화면\bc\coding\node_modules\mysql\lib\protocol\sequences\Handshake.js:123:18)
    at Protocol._parsePacket (C:\Users\praye\OneDrive\바탕 화면\bc\coding\node_modules\mysql\lib\protocol\Protocol.js:291:23)
    at Parser._parsePacket (C:\Users\praye\OneDrive\바탕 화면\bc\coding\node_modules\mysql\lib\protocol\Parser.js:433:10)
    at Parser.write (C:\Users\praye\OneDrive\바탕 화면\bc\coding\node_modules\mysql\lib\protocol\Parser.js:43:10)
    at Protocol.write (C:\Users\praye\OneDrive\바탕 화면\bc\coding\node_modules\mysql\lib\protocol\Protocol.js:38:16)
    at Socket.<anonymous> (C:\Users\praye\OneDrive\바탕 화면\bc\coding\node_modules\mysql\lib\Connection.js:88:28)
    at Socket.<anonymous> (C:\Users\praye\OneDrive\바탕 화면\bc\coding\node_modules\mysql\lib\Connection.js:526:10)
    at Socket.emit (node:events:517:28)
    at addChunk (node:internal/streams/readable:335:12)
    --------------------
    at Protocol._enqueue (C:\Users\praye\OneDrive\바탕 화면\bc\coding\node_modules\mysql\lib\protocol\Protocol.js:144:48)
    at Protocol.handshake (C:\Users\praye\OneDrive\바탕 화면\bc\coding\node_modules\mysql\lib\protocol\Protocol.js:51:23)
    at PoolConnection.connect (C:\Users\praye\OneDrive\바탕 화면\bc\coding\node_modules\mysql\lib\Connection.js:116:18)
    at Pool.getConnection (C:\Users\praye\OneDrive\바탕 화면\bc\coding\node_modules\mysql\lib\Pool.js:48:16)
    at C:\Users\praye\OneDrive\바탕 화면\bc\coding\practice\svr.js:47:10
    at Layer.handle [as handle_request] (C:\Users\praye\OneDrive\바탕 화면\bc\coding\node_modules\express\lib\router\layer.js:95:5)
    at next (C:\Users\praye\OneDrive\바탕 화면\bc\coding\node_modules\express\lib\router\route.js:144:13)
    at Route.dispatch (C:\Users\praye\OneDrive\바탕 화면\bc\coding\node_modules\express\lib\router\route.js:114:3)
    at Layer.handle [as handle_request] (C:\Users\praye\OneDrive\바탕 화면\bc\coding\node_modules\express\lib\router\layer.js:95:5)
    at C:\Users\praye\OneDrive\바탕 화면\bc\coding\node_modules\express\lib\router\index.js:284:15 {
  code: 'ER_NOT_SUPPORTED_AUTH_MODE',
  errno: 1251,
  sqlMessage: 'Client does not support authentication protocol requested by server; consider upgrading MySQL client',
  sqlState: '08004',
  fatal: true
}
/pubilc/adduser부서로 누군가 호출했다[object Object]이런 내용이다
서버와 커넥션 에러 확인필요함
MySQL 연결 에러: Error: ER_NOT_SUPPORTED_AUTH_MODE: Client does not support authentication protocol requested by server; consider upgrading MySQL client
    at Sequence._packetToError (C:\Users\praye\OneDrive\바탕 화면\bc\coding\node_modules\mysql\lib\protocol\sequences\Sequence.js:47:14)
    at Handshake.ErrorPacket (C:\Users\praye\OneDrive\바탕 화면\bc\coding\node_modules\mysql\lib\protocol\sequences\Handshake.js:123:18)
    at Protocol._parsePacket (C:\Users\praye\OneDrive\바탕 화면\bc\coding\node_modules\mysql\lib\protocol\Protocol.js:291:23)
    at Parser._parsePacket (C:\Users\praye\OneDrive\바탕 화면\bc\coding\node_modules\mysql\lib\protocol\Parser.js:433:10)
    at Parser.write (C:\Users\praye\OneDrive\바탕 화면\bc\coding\node_modules\mysql\lib\protocol\Parser.js:43:10)
    at Protocol.write (C:\Users\praye\OneDrive\바탕 화면\bc\coding\node_modules\mysql\lib\protocol\Protocol.js:38:16)
    at Socket.<anonymous> (C:\Users\praye\OneDrive\바탕 화면\bc\coding\node_modules\mysql\lib\Connection.js:88:28)
    at Socket.<anonymous> (C:\Users\praye\OneDrive\바탕 화면\bc\coding\node_modules\mysql\lib\Connection.js:526:10)
    at Socket.emit (node:events:517:28)
    at addChunk (node:internal/streams/readable:335:12)
    --------------------
    at Protocol._enqueue (C:\Users\praye\OneDrive\바탕 화면\bc\coding\node_modules\mysql\lib\protocol\Protocol.js:144:48)
    at Protocol.handshake (C:\Users\praye\OneDrive\바탕 화면\bc\coding\node_modules\mysql\lib\protocol\Protocol.js:51:23)
    at PoolConnection.connect (C:\Users\praye\OneDrive\바탕 화면\bc\coding\node_modules\mysql\lib\Connection.js:116:18)
    at Pool.getConnection (C:\Users\praye\OneDrive\바탕 화면\bc\coding\node_modules\mysql\lib\Pool.js:48:16)
    at C:\Users\praye\OneDrive\바탕 화면\bc\coding\practice\svr.js:47:10
    at Layer.handle [as handle_request] (C:\Users\praye\OneDrive\바탕 화면\bc\coding\node_modules\express\lib\router\layer.js:95:5)
    at next (C:\Users\praye\OneDrive\바탕 화면\bc\coding\node_modules\express\lib\router\route.js:144:13)
    at Route.dispatch (C:\Users\praye\OneDrive\바탕 화면\bc\coding\node_modules\express\lib\router\route.js:114:3)
    at Layer.handle [as handle_request] (C:\Users\praye\OneDrive\바탕 화면\bc\coding\node_modules\express\lib\router\layer.js:95:5)
    at C:\Users\praye\OneDrive\바탕 화면\bc\coding\node_modules\express\lib\router\index.js:284:15 {
  code: 'ER_NOT_SUPPORTED_AUTH_MODE',
  errno: 1251,
  sqlMessage: 'Client does not support authentication protocol requested by server; consider upgrading MySQL client',
  sqlState: '08004',
  fatal: true
}
/pubilc/adduser부서로 누군가 호출했다[object Object]이런 내용이다
서버와 커넥션 에러 확인필요함
MySQL 연결 에러: Error: ER_NOT_SUPPORTED_AUTH_MODE: Client does not support authentication protocol requested by server; consider upgrading MySQL client
    at Sequence._packetToError (C:\Users\praye\OneDrive\바탕 화면\bc\coding\node_modules\mysql\lib\protocol\sequences\Sequence.js:47:14)
    at Handshake.ErrorPacket (C:\Users\praye\OneDrive\바탕 화면\bc\coding\node_modules\mysql\lib\protocol\sequences\Handshake.js:123:18)
    at Protocol._parsePacket (C:\Users\praye\OneDrive\바탕 화면\bc\coding\node_modules\mysql\lib\protocol\Protocol.js:291:23)
    at Parser._parsePacket (C:\Users\praye\OneDrive\바탕 화면\bc\coding\node_modules\mysql\lib\protocol\Parser.js:433:10)
    at Parser.write (C:\Users\praye\OneDrive\바탕 화면\bc\coding\node_modules\mysql\lib\protocol\Parser.js:43:10)
    at Protocol.write (C:\Users\praye\OneDrive\바탕 화면\bc\coding\node_modules\mysql\lib\protocol\Protocol.js:38:16)
    at Socket.<anonymous> (C:\Users\praye\OneDrive\바탕 화면\bc\coding\node_modules\mysql\lib\Connection.js:88:28)
    at Socket.<anonymous> (C:\Users\praye\OneDrive\바탕 화면\bc\coding\node_modules\mysql\lib\Connection.js:526:10)
    at Socket.emit (node:events:517:28)
    at addChunk (node:internal/streams/readable:335:12)
    --------------------
    at Protocol._enqueue (C:\Users\praye\OneDrive\바탕 화면\bc\coding\node_modules\mysql\lib\protocol\Protocol.js:144:48)
    at Protocol.handshake (C:\Users\praye\OneDrive\바탕 화면\bc\coding\node_modules\mysql\lib\protocol\Protocol.js:51:23)
    at PoolConnection.connect (C:\Users\praye\OneDrive\바탕 화면\bc\coding\node_modules\mysql\lib\Connection.js:116:18)
    at Pool.getConnection (C:\Users\praye\OneDrive\바탕 화면\bc\coding\node_modules\mysql\lib\Pool.js:48:16)
    at C:\Users\praye\OneDrive\바탕 화면\bc\coding\practice\svr.js:47:10
    at Layer.handle [as handle_request] (C:\Users\praye\OneDrive\바탕 화면\bc\coding\node_modules\express\lib\router\layer.js:95:5)
    at next (C:\Users\praye\OneDrive\바탕 화면\bc\coding\node_modules\express\lib\router\route.js:144:13)
    at Route.dispatch (C:\Users\praye\OneDrive\바탕 화면\bc\coding\node_modules\express\lib\router\route.js:114:3)
    at Layer.handle [as handle_request] (C:\Users\praye\OneDrive\바탕 화면\bc\coding\node_modules\express\lib\router\layer.js:95:5)
    at C:\Users\praye\OneDrive\바탕 화면\bc\coding\node_modules\express\lib\router\index.js:284:15 {
  code: 'ER_NOT_SUPPORTED_AUTH_MODE',
  errno: 1251,
  sqlMessage: 'Client does not support authentication protocol requested by server; consider upgrading MySQL client',
  sqlState: '08004',
  fatal: true
}
^C